TN:
SF:script/DeployPresent.s.sol
DA:13,0
FN:13,DeployPresent.setUp
FNDA:0,DeployPresent.setUp
DA:15,0
FN:15,DeployPresent.run
FNDA:0,DeployPresent.run
DA:17,0
DA:20,0
DA:23,0
DA:24,0
DA:27,0
DA:30,0
DA:39,0
FN:39,DeployPresentWithNFTs.setUp
FNDA:0,DeployPresentWithNFTs.setUp
DA:41,0
FN:41,DeployPresentWithNFTs.run
FNDA:0,DeployPresentWithNFTs.run
DA:43,0
DA:46,0
DA:49,0
DA:50,0
DA:53,0
DA:62,0
DA:71,0
FN:71,TestPresentCalls.setUp
FNDA:0,TestPresentCalls.setUp
DA:73,0
FN:73,TestPresentCalls.run
FNDA:0,TestPresentCalls.run
DA:75,0
DA:76,0
DA:78,0
DA:81,0
DA:84,0
DA:85,0
DA:87,0
DA:88,0
DA:91,0
DA:92,0
DA:95,0
FNF:6
FNH:0
LF:29
LH:0
BRF:0
BRH:0
end_of_record
TN:
SF:src/Present.sol
DA:92,6
FN:92,Present.presentExists
FNDA:6,Present.presentExists
DA:93,6
BRDA:93,0,0,-
BRDA:93,0,1,9
DA:98,9
FN:98,Present.canUnwrap
FNDA:9,Present.canUnwrap
DA:99,9
BRDA:99,1,0,2
BRDA:99,1,1,7
DA:101,7
BRDA:101,2,0,1
DA:102,1
DA:103,1
DA:104,1
DA:105,1
DA:111,6
FN:111,Present.onlySender
FNDA:6,Present.onlySender
DA:112,6
BRDA:112,3,0,1
BRDA:112,3,1,5
DA:117,6
FN:117,Present.onlyRecipient
FNDA:6,Present.onlyRecipient
DA:118,6
DA:119,6
DA:122,6
BRDA:122,4,0,1
BRDA:122,4,1,2
DA:123,1
DA:126,5
DA:127,6
BRDA:127,5,0,4
DA:128,4
DA:129,4
DA:134,6
BRDA:134,6,0,1
BRDA:134,6,1,5
DA:139,0
FN:139,Present.tokenNotBlacklisted
FNDA:0,Present.tokenNotBlacklisted
DA:140,0
BRDA:140,7,0,-
DA:141,0
BRDA:141,8,0,-
BRDA:141,8,1,-
DA:152,24
FN:152,Present.wrapPresent
FNDA:24,Present.wrapPresent
DA:159,23
BRDA:159,9,0,1
BRDA:159,9,1,22
DA:160,22
BRDA:160,10,0,1
BRDA:160,10,1,21
DA:162,21
DA:165,21
DA:167,46
BRDA:167,11,0,1
BRDA:167,11,1,45
DA:169,45
BRDA:169,12,0,15
DA:170,15
DA:172,45
BRDA:172,13,0,1
BRDA:172,13,1,44
DA:175,19
BRDA:175,14,0,1
BRDA:175,14,1,18
DA:178,18
DA:181,18
BRDA:181,15,0,-
BRDA:181,15,1,18
DA:184,18
DA:185,43
BRDA:185,16,0,29
DA:187,29
DA:195,43
DA:199,18
DA:200,18
DA:201,18
DA:204,18
DA:207,18
DA:208,18
DA:211,18
BRDA:211,17,0,17
DA:212,17
DA:216,18
DA:219,18
BRDA:219,18,0,1
DA:220,1
DA:221,1
BRDA:221,19,0,-
BRDA:221,19,1,1
DA:230,9
FN:230,Present.unwrapPresent
FNDA:9,Present.unwrapPresent
DA:239,5
DA:242,5
DA:243,5
DA:246,5
DA:249,5
BRDA:249,20,0,5
DA:250,5
DA:254,5
DA:262,6
FN:262,Present.takeBack
FNDA:6,Present.takeBack
DA:270,5
BRDA:270,21,0,2
BRDA:270,21,1,3
DA:277,3
DA:280,3
DA:283,3
DA:286,3
DA:294,8
FN:294,Present._transferAssets
FNDA:8,Present._transferAssets
DA:295,8
DA:296,8
DA:298,8
DA:299,22
BRDA:299,22,0,7
BRDA:299,22,1,15
DA:301,7
DA:302,7
BRDA:302,23,0,-
BRDA:302,23,1,7
DA:305,15
DA:316,18
FN:316,Present.generatePresentId
FNDA:18,Present.generatePresentId
DA:321,18
DA:336,1
FN:336,Present.getPresentContent
FNDA:1,Present.getPresentContent
DA:341,1
DA:349,4
FN:349,Present.getPresentStatus
FNDA:4,Present.getPresentStatus
DA:356,4
DA:357,0
DA:358,0
DA:359,0
BRDA:359,24,0,-
DA:360,0
DA:362,4
DA:370,39
FN:370,Present.setNFTContracts
FNDA:39,Present.setNFTContracts
DA:374,38
DA:375,38
DA:383,3
FN:383,Present.setTokenBlacklist
FNDA:3,Present.setTokenBlacklist
DA:387,2
BRDA:387,25,0,1
BRDA:387,25,1,1
DA:388,1
DA:389,1
DA:398,2
FN:398,Present.updateConfig
FNDA:2,Present.updateConfig
DA:406,1
DA:407,1
DA:408,1
DA:410,1
DA:411,1
DA:412,1
DA:421,4
FN:421,Present.emergencyWithdraw
FNDA:4,Present.emergencyWithdraw
DA:425,3
BRDA:425,26,0,2
BRDA:425,26,1,1
DA:426,2
BRDA:426,27,0,1
BRDA:426,27,1,1
DA:427,1
DA:428,1
BRDA:428,28,0,-
BRDA:428,28,1,1
DA:430,1
DA:433,2
DA:440,4
FN:440,Present.forceExpirePresent
FNDA:4,Present.forceExpirePresent
DA:445,2
BRDA:445,29,0,1
BRDA:445,29,1,1
DA:446,1
DA:447,1
DA:449,1
DA:455,3
FN:455,Present.pause
FNDA:3,Present.pause
DA:456,2
DA:462,2
FN:462,Present.unpause
FNDA:2,Present.unpause
DA:463,1
DA:469,1
FN:469,Present.onERC721Received
FNDA:1,Present.onERC721Received
DA:475,1
DA:483,1
FN:483,Present.isExpired
FNDA:1,Present.isExpired
DA:484,1
DA:491,0
FN:491,Present.setupERC721Support
FNDA:0,Present.setupERC721Support
FNF:22
FNH:20
LF:120
LH:112
BRF:51
BRH:42
end_of_record
TN:
SF:test/mocks/MockERC20.sol
DA:20,74
FN:20,MockERC20.constructor
FNDA:74,MockERC20.constructor
DA:21,74
DA:22,74
DA:23,74
DA:26,18
FN:26,MockERC20.balanceOf
FNDA:18,MockERC20.balanceOf
DA:27,18
DA:30,16
FN:30,MockERC20.transfer
FNDA:16,MockERC20.transfer
DA:31,16
DA:32,16
DA:33,16
DA:36,0
FN:36,MockERC20.allowance
FNDA:0,MockERC20.allowance
DA:37,29
DA:40,75
FN:40,MockERC20.approve
FNDA:75,MockERC20.approve
DA:41,75
DA:42,75
DA:45,29
FN:45,MockERC20.transferFrom
FNDA:29,MockERC20.transferFrom
DA:46,29
DA:47,29
DA:48,29
DA:49,29
DA:52,75
FN:52,MockERC20.mint
FNDA:75,MockERC20.mint
DA:53,75
DA:56,0
FN:56,MockERC20.burn
FNDA:0,MockERC20.burn
DA:57,0
DA:60,45
FN:60,MockERC20._transfer
FNDA:45,MockERC20._transfer
DA:61,45
BRDA:61,0,0,-
BRDA:61,0,1,45
DA:62,45
BRDA:62,1,0,-
BRDA:62,1,1,45
DA:64,45
DA:65,45
BRDA:65,2,0,-
BRDA:65,2,1,45
DA:67,45
DA:69,45
DA:71,45
DA:74,75
FN:74,MockERC20._mint
FNDA:75,MockERC20._mint
DA:75,75
BRDA:75,3,0,-
BRDA:75,3,1,75
DA:77,75
DA:78,75
DA:79,75
DA:82,0
FN:82,MockERC20._burn
FNDA:0,MockERC20._burn
DA:83,0
BRDA:83,4,0,-
BRDA:83,4,1,-
DA:85,0
DA:86,0
BRDA:86,5,0,-
BRDA:86,5,1,-
DA:88,0
DA:90,0
DA:92,0
DA:95,76
FN:95,MockERC20._approve
FNDA:76,MockERC20._approve
DA:96,76
BRDA:96,6,0,-
BRDA:96,6,1,76
DA:97,76
BRDA:97,7,0,-
BRDA:97,7,1,76
DA:99,76
DA:100,76
DA:103,29
FN:103,MockERC20._spendAllowance
FNDA:29,MockERC20._spendAllowance
DA:104,29
DA:105,29
BRDA:105,8,0,1
DA:106,1
BRDA:106,9,0,-
BRDA:106,9,1,1
DA:108,1
FNF:13
FNH:10
LF:54
LH:44
BRF:19
BRH:8
end_of_record
TN:
SF:test/mocks/MockPresentNFT.sol
DA:35,74
FN:35,MockPresentNFT.constructor
FNDA:74,MockPresentNFT.constructor
DA:36,74
DA:37,74
DA:38,74
DA:42,74
FN:42,MockPresentNFT.setPresentContract
FNDA:74,MockPresentNFT.setPresentContract
DA:43,74
BRDA:43,0,0,-
BRDA:43,0,1,74
DA:44,74
DA:48,0
FN:48,MockPresentNFT.ownerOf
FNDA:0,MockPresentNFT.ownerOf
DA:49,0
DA:50,0
BRDA:50,1,0,-
BRDA:50,1,1,-
DA:51,0
DA:55,2
FN:55,MockPresentNFT.balanceOf
FNDA:2,MockPresentNFT.balanceOf
DA:56,2
BRDA:56,2,0,-
BRDA:56,2,1,2
DA:57,2
DA:61,0
FN:61,MockPresentNFT.presentIdOf
FNDA:0,MockPresentNFT.presentIdOf
DA:62,0
BRDA:62,3,0,-
BRDA:62,3,1,-
DA:63,0
DA:67,0
FN:67,MockPresentNFT.tokenIdOf
FNDA:0,MockPresentNFT.tokenIdOf
DA:68,0
DA:69,0
BRDA:69,4,0,-
BRDA:69,4,1,-
DA:70,0
DA:74,22
FN:74,MockPresentNFT.mint
FNDA:22,MockPresentNFT.mint
DA:76,22
BRDA:76,5,0,-
BRDA:76,5,1,22
DA:81,22
DA:82,22
DA:83,22
DA:84,22
DA:86,22
DA:87,22
DA:91,22
FN:91,MockPresentNFT._mint
FNDA:22,MockPresentNFT._mint
DA:92,22
BRDA:92,6,0,-
BRDA:92,6,1,22
DA:93,22
BRDA:93,7,0,-
BRDA:93,7,1,22
DA:95,22
DA:96,22
DA:98,22
DA:102,22
FN:102,MockPresentNFT._exists
FNDA:22,MockPresentNFT._exists
DA:103,22
FNF:9
FNH:6
LF:37
LH:26
BRF:16
BRH:5
end_of_record
